<?xml version="1.0" encoding="UTF-8"?>
<testsuite name="com.muscy.models.ClaimDataTest" tests="1" skipped="0" failures="0" errors="0" timestamp="2018-08-02T21:49:54" hostname="Kierans-MacBook-Pro.local" time="0.003">
  <properties/>
  <testcase name="claimDataCoverageAmounts" classname="com.muscy.models.ClaimDataTest" time="0.003"/>
  <system-out><![CDATA[]]></system-out>
  <system-err><![CDATA[]]></system-err>
</testsuite>
